<?xml version="1.0" encoding="UTF-8"?>
<testsuite name="Model.SpaceTest" tests="5" skipped="0" failures="0" errors="0" timestamp="2017-05-28T17:37:46" hostname="MajaNybergs-MacBook-Pro.local" time="0.001">
  <properties/>
  <testcase name="compareSpaces" classname="Model.SpaceTest" time="0.0"/>
  <testcase name="getX" classname="Model.SpaceTest" time="0.001"/>
  <testcase name="getY" classname="Model.SpaceTest" time="0.0"/>
  <testcase name="addAdjacentSpace" classname="Model.SpaceTest" time="0.0"/>
  <testcase name="getAdjacentSpaces" classname="Model.SpaceTest" time="0.0"/>
  <system-out><![CDATA[]]></system-out>
  <system-err><![CDATA[]]></system-err>
</testsuite>
