<?xml version="1.0" encoding="UTF-8"?>
<testsuite name="Model.FindPathTest" tests="4" skipped="0" failures="0" errors="0" timestamp="2017-05-28T17:37:45" hostname="MajaNybergs-MacBook-Pro.local" time="0.019">
  <properties/>
  <testcase name="getPotentialStations" classname="Model.FindPathTest" time="0.017"/>
  <testcase name="getPotentialSpaces" classname="Model.FindPathTest" time="0.001"/>
  <testcase name="findPotentialSpaces" classname="Model.FindPathTest" time="0.0"/>
  <testcase name="findPotentialStations" classname="Model.FindPathTest" time="0.0"/>
  <system-out><![CDATA[]]></system-out>
  <system-err><![CDATA[]]></system-err>
</testsuite>
