<?xml version="1.0" encoding="UTF-8"?>
<testsuite name="Model.TheLostKittenTest" tests="4" skipped="0" failures="0" errors="0" timestamp="2017-05-28T08:14:19" hostname="Amandas-MacBook-Air.local" time="0.071">
  <properties/>
  <testcase name="testGetActivePlayer" classname="Model.TheLostKittenTest" time="0.001"/>
  <testcase name="testGetListOfPLayers" classname="Model.TheLostKittenTest" time="0.0"/>
  <testcase name="testSetNewBudget" classname="Model.TheLostKittenTest" time="0.044"/>
  <testcase name="testCheckIfMarkerIsTurned" classname="Model.TheLostKittenTest" time="0.003"/>
  <system-out><![CDATA[Event [tag=PLAYER_POSITION, value=Model.Player@389dbbe9]
Event [tag=PLAYER_POSITION, value=Model.Player@36e5f9c2]
Event [tag=PLAYER_POSITION, value=Model.Player@6eb2caa3]
Event [tag=PLAYER_POSITION, value=Model.Player@6eb2caa3]
TOPAZ 3000
Event [tag=PLAYER_BALANCE, value=Model.Player@6eb2caa3]
set has cat
Event [tag=PLAYER_CAT, value=Model.Player@6eb2caa3]
set has tram card
Event [tag=PLAYER_TRAMCARD, value=Model.Player@6eb2caa3]
Event [tag=PLAYER_BALANCE, value=Model.Player@6eb2caa3]
Event [tag=PLAYER_POSITION, value=Model.Player@7efa5d18]
]]></system-out>
  <system-err><![CDATA[]]></system-err>
</testsuite>
