<?xml version="1.0" encoding="UTF-8"?>
<testsuite name="Model.MarkerTest" tests="1" skipped="0" failures="0" errors="0" timestamp="2017-05-28T17:37:46" hostname="MajaNybergs-MacBook-Pro.local" time="0.001">
  <properties/>
  <testcase name="testIsMarkerTurned" classname="Model.MarkerTest" time="0.001"/>
  <system-out><![CDATA[]]></system-out>
  <system-err><![CDATA[]]></system-err>
</testsuite>
