<?xml version="1.0" encoding="UTF-8"?>
<testsuite name="Model.MapTest" tests="4" skipped="0" failures="0" errors="0" timestamp="2017-05-28T17:37:46" hostname="MajaNybergs-MacBook-Pro.local" time="0.005">
  <properties/>
  <testcase name="testGetStartPositions" classname="Model.MapTest" time="0.0"/>
  <testcase name="testCreateStations" classname="Model.MapTest" time="0.002"/>
  <testcase name="testGetSpaces" classname="Model.MapTest" time="0.0"/>
  <testcase name="testStation" classname="Model.MapTest" time="0.0"/>
  <system-out><![CDATA[]]></system-out>
  <system-err><![CDATA[]]></system-err>
</testsuite>
