<?xml version="1.0" encoding="UTF-8"?>
<testsuite name="Model.FindPathTest" tests="1" skipped="0" failures="0" errors="0" timestamp="2017-05-27T16:15:20" hostname="MajaNybergs-MacBook-Pro.local" time="0.003">
  <properties/>
  <testcase name="testFindPotentialSpaces" classname="Model.FindPathTest" time="0.003"/>
  <system-out><![CDATA[]]></system-out>
  <system-err><![CDATA[]]></system-err>
</testsuite>
