<?xml version="1.0" encoding="UTF-8"?>
<testsuite name="Model.MapTest" tests="4" skipped="0" failures="0" errors="0" timestamp="2017-05-27T16:15:20" hostname="MajaNybergs-MacBook-Pro.local" time="0.017">
  <properties/>
  <testcase name="testGetStartPositions" classname="Model.MapTest" time="0.002"/>
  <testcase name="testCreateStations" classname="Model.MapTest" time="0.004"/>
  <testcase name="testGetSpaces" classname="Model.MapTest" time="0.0"/>
  <testcase name="testStation" classname="Model.MapTest" time="0.0"/>
  <system-out><![CDATA[[Lundby, Redbergsplatsen, Redbergsplatsen, Lundby]
]]></system-out>
  <system-err><![CDATA[]]></system-err>
</testsuite>
